Build started 28.03.2018 22:41:13.
     1>Project "c:\Users\trinity22\documents\visual studio 2010\Projects\Coins2\Coins2\Coins2.vcxproj" on node 2 (build target(s)).
     1>PrepareForBuild:
         Creating directory "c:\users\trinity22\documents\visual studio 2010\Projects\Coins2\Debug\".
       InitializeBuildStatus:
         Creating "Debug\Coins2.unsuccessfulbuild" because "AlwaysCreate" was specified.
       ClCompile:
         C:\Program Files (x86)\Microsoft Visual Studio 10.0\VC\bin\CL.exe /c /ZI /nologo /W3 /WX- /Od /Oy- /D _MBCS /Gm /EHsc /RTC1 /MDd /GS /fp:precise /Zc:wchar_t /Zc:forScope /Fo"Debug\\" /Fd"Debug\vc100.pdb" /Gd /TP /analyze- /errorReport:prompt main.cpp
         main.cpp
       Link:
         C:\Program Files (x86)\Microsoft Visual Studio 10.0\VC\bin\link.exe /ERRORREPORT:PROMPT /OUT:"c:\users\trinity22\documents\visual studio 2010\Projects\Coins2\Debug\Coins2.exe" /NOLOGO kernel32.lib user32.lib gdi32.lib winspool.lib comdlg32.lib advapi32.lib shell32.lib ole32.lib oleaut32.lib uuid.lib odbc32.lib odbccp32.lib /MANIFEST /ManifestFile:"Debug\Coins2.exe.intermediate.manifest" /MANIFESTUAC:"level='asInvoker' uiAccess='false'" /DEBUG /PDB:"c:\users\trinity22\documents\visual studio 2010\Projects\Coins2\Debug\Coins2.pdb" /TLBID:1 /DYNAMICBASE /NXCOMPAT /IMPLIB:"c:\users\trinity22\documents\visual studio 2010\Projects\Coins2\Debug\Coins2.lib" /MACHINE:X86 Debug\main.obj
         Coins2.vcxproj -> c:\users\trinity22\documents\visual studio 2010\Projects\Coins2\Debug\Coins2.exe
       Manifest:
         C:\Program Files (x86)\Microsoft SDKs\Windows\v7.0A\bin\mt.exe /nologo /verbose /outputresource:"c:\users\trinity22\documents\visual studio 2010\Projects\Coins2\Debug\Coins2.exe;#1" /manifest Debug\Coins2.exe.intermediate.manifest
       FinalizeBuildStatus:
         Deleting file "Debug\Coins2.unsuccessfulbuild".
         Touching "Debug\Coins2.lastbuildstate".
     1>Done Building Project "c:\Users\trinity22\documents\visual studio 2010\Projects\Coins2\Coins2\Coins2.vcxproj" (build target(s)).

Build succeeded.

Time Elapsed 00:00:03.79
